[debug] > Exec(early(addDefaultCommands), None, None)
[debug] > Exec(addDefaultCommands, None, None)
[debug] > Exec(early(initialize), None, None)
[debug] > Exec(initialize, None, None)
[debug] > Exec(boot, None, None)
[debug] > Exec(writeSbtVersion, None, None)
[debug] > Exec(reload, None, None)
[debug] > Exec(sbtStashOnFailure, None, None)
[debug] > Exec(onFailure loadFailed, None, None)
[debug] > Exec(loadp, None, None)
[info] welcome to sbt 1.10.1 (Eclipse Adoptium Java 21.0.1)
[debug] Load.defaultLoad until apply took 205.335475ms
[debug]                       Load.loadUnit: plugins took 101.501957ms
[debug]                       Load.loadUnit: defsScala took 0.521459ms
[debug] [Loading] Scanning directory /home/heartbroken/m323/scalajs-vite/project/project/project
[debug]                         Load.loadUnit: mkEval took 8.637414ms
[debug] [Loading] Found non-root projects 
[debug] [Loading] Done in /home/heartbroken/m323/scalajs-vite/project/project/project, returning: ()
[debug] deducing auto plugins based on known facts Set(Atom(sbt.plugins.CorePlugin)) and clauses Clauses(Clause(Atom(sbt.plugins.JvmPlugin),Set(Atom(sbt.plugins.IvyPlugin)))
[debug] Clause(Atom(sbt.ScriptedPlugin),Set(Atom(sbt.plugins.JvmPlugin)))
[debug] Clause(Atom(sbt.plugins.SbtPlugin),Set(Atom(sbt.ScriptedPlugin)))
[debug] Clause(Atom(sbt.plugins.SemanticdbPlugin),Set(Atom(sbt.plugins.JvmPlugin)))
[debug] Clause(Atom(sbt.plugins.JUnitXmlReportPlugin),Set(Atom(sbt.plugins.JvmPlugin)))
[debug] Clause(Atom(sbt.plugins.MiniDependencyTreePlugin),Set(Atom(sbt.plugins.JvmPlugin)))
[debug] Clause(Atom(sbt.plugins.CorePlugin),Set(Atom(sbt.plugins.IvyPlugin)))
[debug] Clause(Atom(sbt.plugins.IvyPlugin),Set(Atom(sbt.plugins.JvmPlugin)))
[debug] Clause(Atom(sbt.plugins.JvmPlugin),Set(Atom(sbt.plugins.SemanticdbPlugin)))
[debug] Clause(Atom(sbt.plugins.JvmPlugin),Set(Atom(sbt.plugins.JUnitXmlReportPlugin)))
[debug] Clause(Atom(sbt.plugins.CorePlugin),Set(Atom(sbt.plugins.Giter8TemplatePlugin)))
[debug] Clause(Atom(sbt.plugins.JvmPlugin),Set(Atom(sbt.plugins.MiniDependencyTreePlugin))))
[debug]   :: deduced result: Matched(sbt.plugins.CorePlugin,sbt.plugins.Giter8TemplatePlugin,sbt.plugins.IvyPlugin,sbt.plugins.JvmPlugin,sbt.plugins.MiniDependencyTreePlugin,sbt.plugins.JUnitXmlReportPlugin,sbt.plugins.SemanticdbPlugin)
[debug] Plugins.deducer#function took 37.397469 ms
[info] loading settings for project scalajs-vite-build-build-build from metals.sbt ...
[debug]                           Load.resolveProject(scalajs-vite-build-build-build) took 132.795859ms
[debug]                         Load.loadTransitive: finalizeProject(Project(id scalajs-vite-build-build-build, base: /home/heartbroken/m323/scalajs-vite/project/project/project, plugins: List(<none>))) took 195.214317ms
[debug] [Loading] Done in /home/heartbroken/m323/scalajs-vite/project/project/project, returning: (scalajs-vite-build-build-build)
[debug]                       Load.loadUnit: loadedProjectsRaw took 3646.002691ms
[debug]                       Load.loadUnit: cleanEvalClasses took 8.880433ms
[debug]                     Load.loadUnit(file:/home/heartbroken/m323/scalajs-vite/project/project/project/, ...) took 3767.457971ms
[debug]                   Load.apply: load took 3979.001277ms
[debug]                   Load.apply: resolveProjects took 6.554004ms
[debug]                   Load.apply: finalTransforms took 65.927838ms
[debug]                   Load.apply: config.delegates took 7.653547ms
[debug]                   Load.apply: Def.make(settings)... took 402.50703ms
[debug]                   Load.apply: structureIndex took 106.382891ms
[debug]                   Load.apply: mkStreams took 2.610969ms
[info] loading project definition from /home/heartbroken/m323/scalajs-vite/project/project/project
[debug] Running task... Cancel: Signal, check cycles: false, forcegc: true
