2026.03.13 08:46:50 INFO  Started: Metals version 1.6.6 in folders '/home/heartbroken/m323' for client Visual Studio Code 1.85.1.
2026.03.13 08:46:50 INFO  Memory monitor started
2026.03.13 08:46:54 WARN  Using H2 2.4.240 which is newer than the version Flyway has been verified with. The latest verified version of H2 is 2.3.232.
2026.03.13 08:46:54 INFO  no build target found for /home/heartbroken/m323/scalajs-vite/src/main/scala/Main.scala. Using presentation compiler with project's scala-library version: 3.3.7
2026.03.13 08:46:56 INFO  no build target found for /home/heartbroken/m323/scalajs-vite/src/main/scala/Main.scala. Using presentation compiler with project's scala-library version: 3.3.7
2026.03.13 08:47:05 INFO  no build target found for /home/heartbroken/m323/scalajs-vite/src/main/scala/Main.scala. Using presentation compiler with project's scala-library version: 3.3.7
2026.03.13 08:47:11 INFO  running '/usr/bin/sbt -Dbloop.export-jar-classifiers=sources bloopInstall'
2026.03.13 08:47:14 INFO  [info] welcome to sbt 1.10.1 (Eclipse Adoptium Java 21.0.1)
2026.03.13 08:47:17 INFO  no build target found for /home/heartbroken/m323/scalajs-vite/src/main/scala/Main.scala. Using presentation compiler with project's scala-library version: 3.3.7
2026.03.13 08:47:18 INFO  [info] loading settings for project scalajs-vite-build-build-build from metals.sbt ...
2026.03.13 08:47:18 INFO  [info] loading project definition from /home/heartbroken/m323/scalajs-vite/project/project/project
2026.03.13 08:47:21 INFO  [info] loading settings for project scalajs-vite-build-build from metals.sbt ...
2026.03.13 08:47:21 INFO  [info] loading project definition from /home/heartbroken/m323/scalajs-vite/project/project
2026.03.13 08:47:23 INFO  [success] Generated .bloop/scalajs-vite-build-build.json
2026.03.13 08:47:23 INFO  [success] Total time: 2 s, completed Mar 13, 2026, 8:47:23 AM
2026.03.13 08:47:23 INFO  [info] loading settings for project scalajs-vite-build from metals.sbt,plugins.sbt ...
2026.03.13 08:47:23 INFO  [info] loading project definition from /home/heartbroken/m323/scalajs-vite/project
2026.03.13 08:47:25 INFO  [success] Generated .bloop/scalajs-vite-build.json
2026.03.13 08:47:25 INFO  [success] Total time: 1 s, completed Mar 13, 2026, 8:47:25 AM
2026.03.13 08:47:27 INFO  [info] loading settings for project scalajs-vite from build.sbt ...
2026.03.13 08:47:27 INFO  [info] set current project to scalajs-vite (in build file:/home/heartbroken/m323/scalajs-vite/)
2026.03.13 08:47:30 INFO  [success] Generated .bloop/scalajs-vite-test.json
2026.03.13 08:47:30 INFO  [success] Generated .bloop/scalajs-vite.json
2026.03.13 08:47:30 INFO  [success] Total time: 3 s, completed Mar 13, 2026, 8:47:30 AM
2026.03.13 08:47:30 INFO  time: ran 'sbt bloopInstall' in 19s
2026.03.13 08:47:30 INFO  Attempting to connect to the build server...
2026.03.13 08:47:30 INFO  No running Bloop server found, starting one.
2026.03.13 08:47:47 INFO  Starting compilation server
2026.03.13 08:47:50 INFO  tracing is disabled for protocol BSP, to enable tracing of incoming and outgoing JSON messages create an empty file at /home/heartbroken/m323/.metals/bsp.trace.json or /home/heartbroken/.cache/metals/bsp.trace.json
2026.03.13 08:47:52 INFO  time: Connected to build server in 21s
2026.03.13 08:47:52 INFO  Connected to Build server: Bloop v2.0.19
2026.03.13 08:47:52 INFO  time: Imported build in 0.21s
2026.03.13 08:48:00 WARN  Using H2 2.4.240 which is newer than the version Flyway has been verified with. The latest verified version of H2 is 2.3.232.
2026.03.13 08:48:01 INFO  time: indexed workspace in 9.12s
2026.03.13 08:48:02 INFO  compiling scalajs-vite (1 scala source)
2026.03.13 08:48:05 INFO  time: compiled scalajs-vite in 3.87s
2026.03.13 08:48:05 INFO  Created report: Optional.empty
2026.03.13 08:48:05 INFO  JavaScript linking failed with ''org.scalajs.linker.interface.StandardConfig org.scalajs.linker.inte... (full report at: "/home/heartbroken/m323/.metals/.reports/bloop/2026-03-13/r_JavaScript linking f..._08-48-05-969.md")
